2026-04-03 16:29:46,776 - app.models - INFO - Initialisation du pool de connexions avec DBUtils...
2026-04-03 16:29:46,788 - app.models - INFO - Pool de connexions DBUtils initialisÃĐ avec succÃĻs.
2026-04-03 16:29:46,788 - app.models - INFO - VÃĐrification et crÃĐation des tables de la base de donnÃĐes...
2026-04-03 16:29:46,795 - app.models - ERROR - Erreur dans le gestionnaire de curseur : (1050, "Table 'heures_simulees' already exists")
Traceback (most recent call last):
  File "/app/app/models.py", line 195, in get_cursor
    yield cursor
  File "/app/app/models.py", line 368, in create_tables
    cursor.execute(create_heures_simules_table_query)
  File "/usr/local/lib/python3.11/site-packages/dbutils/steady_db.py", line 680, in tough_method
    raise error  # re-raise the original error again
    ^^^^^^^^^^^
  File "/usr/local/lib/python3.11/site-packages/dbutils/steady_db.py", line 605, in tough_method
    result = method(*args, **kwargs)  # try to execute
             ^^^^^^^^^^^^^^^^^^^^^^^
  File "/usr/local/lib/python3.11/site-packages/pymysql/cursors.py", line 153, in execute
    result = self._query(query)
             ^^^^^^^^^^^^^^^^^^
  File "/usr/local/lib/python3.11/site-packages/pymysql/cursors.py", line 322, in _query
    conn.query(q)
  File "/usr/local/lib/python3.11/site-packages/pymysql/connections.py", line 563, in query
    self._affected_rows = self._read_query_result(unbuffered=unbuffered)
                          ^^^^^^^^^^^^^^^^^^^^^^^^^^^^^^^^^^^^^^^^^^^^^^
  File "/usr/local/lib/python3.11/site-packages/pymysql/connections.py", line 825, in _read_query_result
    result.read()
  File "/usr/local/lib/python3.11/site-packages/pymysql/connections.py", line 1199, in read
    first_packet = self.connection._read_packet()
                   ^^^^^^^^^^^^^^^^^^^^^^^^^^^^^^
  File "/usr/local/lib/python3.11/site-packages/pymysql/connections.py", line 775, in _read_packet
    packet.raise_for_error()
  File "/usr/local/lib/python3.11/site-packages/pymysql/protocol.py", line 219, in raise_for_error
    err.raise_mysql_exception(self._data)
  File "/usr/local/lib/python3.11/site-packages/pymysql/err.py", line 150, in raise_mysql_exception
    raise errorclass(errno, errval)
pymysql.err.OperationalError: (1050, "Table 'heures_simulees' already exists")
2026-04-03 16:29:46,808 - app.models - ERROR - Erreur lors de la crÃĐation des tables : (1050, "Table 'heures_simulees' already exists")
2026-04-03 16:29:46,809 - root - INFO - SchÃĐma de base de donnÃĐes vÃĐrifiÃĐ (toutes les tables).
2026-04-03 16:29:46,810 - werkzeug - INFO - [31m[1mWARNING: This is a development server. Do not use it in a production deployment. Use a production WSGI server instead.[0m
 * Running on all addresses (0.0.0.0)
 * Running on http://127.0.0.1:5000
 * Running on http://172.29.0.4:5000
2026-04-03 16:29:46,811 - werkzeug - INFO - [33mPress CTRL+C to quit[0m
2026-04-03 16:46:24,084 - app.models - INFO - Initialisation du pool de connexions avec DBUtils...
2026-04-03 16:46:24,107 - app.models - INFO - Pool de connexions DBUtils initialisÃĐ avec succÃĻs.
2026-04-03 16:46:24,108 - app.models - INFO - VÃĐrification et crÃĐation des tables de la base de donnÃĐes...
2026-04-03 16:46:24,134 - app.models - ERROR - Erreur dans le gestionnaire de curseur : (1050, "Table 'heures_simulees' already exists")
Traceback (most recent call last):
  File "/app/app/models.py", line 195, in get_cursor
    yield cursor
  File "/app/app/models.py", line 368, in create_tables
    cursor.execute(create_heures_simules_table_query)
  File "/usr/local/lib/python3.11/site-packages/dbutils/steady_db.py", line 680, in tough_method
    raise error  # re-raise the original error again
    ^^^^^^^^^^^
  File "/usr/local/lib/python3.11/site-packages/dbutils/steady_db.py", line 605, in tough_method
    result = method(*args, **kwargs)  # try to execute
             ^^^^^^^^^^^^^^^^^^^^^^^
  File "/usr/local/lib/python3.11/site-packages/pymysql/cursors.py", line 153, in execute
    result = self._query(query)
             ^^^^^^^^^^^^^^^^^^
  File "/usr/local/lib/python3.11/site-packages/pymysql/cursors.py", line 322, in _query
    conn.query(q)
  File "/usr/local/lib/python3.11/site-packages/pymysql/connections.py", line 563, in query
    self._affected_rows = self._read_query_result(unbuffered=unbuffered)
                          ^^^^^^^^^^^^^^^^^^^^^^^^^^^^^^^^^^^^^^^^^^^^^^
  File "/usr/local/lib/python3.11/site-packages/pymysql/connections.py", line 825, in _read_query_result
    result.read()
  File "/usr/local/lib/python3.11/site-packages/pymysql/connections.py", line 1199, in read
    first_packet = self.connection._read_packet()
                   ^^^^^^^^^^^^^^^^^^^^^^^^^^^^^^
  File "/usr/local/lib/python3.11/site-packages/pymysql/connections.py", line 775, in _read_packet
    packet.raise_for_error()
  File "/usr/local/lib/python3.11/site-packages/pymysql/protocol.py", line 219, in raise_for_error
    err.raise_mysql_exception(self._data)
  File "/usr/local/lib/python3.11/site-packages/pymysql/err.py", line 150, in raise_mysql_exception
    raise errorclass(errno, errval)
pymysql.err.OperationalError: (1050, "Table 'heures_simulees' already exists")
2026-04-03 16:46:24,156 - app.models - ERROR - Erreur lors de la crÃĐation des tables : (1050, "Table 'heures_simulees' already exists")
2026-04-03 16:46:24,157 - root - INFO - SchÃĐma de base de donnÃĐes vÃĐrifiÃĐ (toutes les tables).
2026-04-03 16:46:24,161 - werkzeug - INFO - [31m[1mWARNING: This is a development server. Do not use it in a production deployment. Use a production WSGI server instead.[0m
 * Running on all addresses (0.0.0.0)
 * Running on http://127.0.0.1:5000
 * Running on http://172.29.0.4:5000
2026-04-03 16:46:24,161 - werkzeug - INFO - [33mPress CTRL+C to quit[0m
2026-04-03 16:47:00,761 - root - INFO - â DatabaseManager crÃĐÃĐ
2026-04-03 16:47:00,762 - root - INFO - â ModelManager crÃĐÃĐ avec succÃĻs
2026-04-03 16:47:00,768 - app.models - INFO - Initialisation du pool de connexions avec DBUtils...
2026-04-03 16:47:00,776 - app.models - INFO - Pool de connexions DBUtils initialisÃĐ avec succÃĻs.
2026-04-03 16:47:00,808 - app - ERROR - Exception on /banking/compte/1 [GET]
Traceback (most recent call last):
  File "/usr/local/lib/python3.11/site-packages/flask/app.py", line 2190, in wsgi_app
    response = self.full_dispatch_request()
               ^^^^^^^^^^^^^^^^^^^^^^^^^^^^
  File "/usr/local/lib/python3.11/site-packages/flask/app.py", line 1486, in full_dispatch_request
    rv = self.handle_user_exception(e)
         ^^^^^^^^^^^^^^^^^^^^^^^^^^^^^
  File "/usr/local/lib/python3.11/site-packages/flask/app.py", line 1484, in full_dispatch_request
    rv = self.dispatch_request()
         ^^^^^^^^^^^^^^^^^^^^^^^
  File "/usr/local/lib/python3.11/site-packages/flask/app.py", line 1469, in dispatch_request
    return self.ensure_sync(self.view_functions[rule.endpoint])(**view_args)
           ^^^^^^^^^^^^^^^^^^^^^^^^^^^^^^^^^^^^^^^^^^^^^^^^^^^^^^^^^^^^^^^^^
  File "/usr/local/lib/python3.11/site-packages/flask_login/utils.py", line 290, in decorated_view
    return current_app.ensure_sync(func)(*args, **kwargs)
           ^^^^^^^^^^^^^^^^^^^^^^^^^^^^^^^^^^^^^^^^^^^^^^
  File "/app/app/routes/banking.py", line 443, in banking_compte_detail
    filtred_mouvements.sort(
    ^^^^^^^^^^^^^^^^^^^^^^^
AttributeError: 'tuple' object has no attribute 'sort'
2026-04-03 16:47:00,824 - app.models - INFO - Pool de connexions fermÃĐ
2026-04-03 16:47:00,824 - werkzeug - INFO - 192.168.1.103 - - [03/Apr/2026 16:47:00] "[35m[1mGET /banking/compte/1 HTTP/1.1[0m" 500 -
2026-04-03 16:47:11,302 - root - INFO - â DatabaseManager crÃĐÃĐ
2026-04-03 16:47:11,302 - root - INFO - â ModelManager crÃĐÃĐ avec succÃĻs
2026-04-03 16:47:11,306 - app.models - INFO - Initialisation du pool de connexions avec DBUtils...
2026-04-03 16:47:11,311 - app.models - INFO - Pool de connexions DBUtils initialisÃĐ avec succÃĻs.
2026-04-03 16:47:11,325 - app - ERROR - Exception on /banking/compte/1 [GET]
Traceback (most recent call last):
  File "/usr/local/lib/python3.11/site-packages/flask/app.py", line 2190, in wsgi_app
    response = self.full_dispatch_request()
               ^^^^^^^^^^^^^^^^^^^^^^^^^^^^
  File "/usr/local/lib/python3.11/site-packages/flask/app.py", line 1486, in full_dispatch_request
    rv = self.handle_user_exception(e)
         ^^^^^^^^^^^^^^^^^^^^^^^^^^^^^
  File "/usr/local/lib/python3.11/site-packages/flask/app.py", line 1484, in full_dispatch_request
    rv = self.dispatch_request()
         ^^^^^^^^^^^^^^^^^^^^^^^
  File "/usr/local/lib/python3.11/site-packages/flask/app.py", line 1469, in dispatch_request
    return self.ensure_sync(self.view_functions[rule.endpoint])(**view_args)
           ^^^^^^^^^^^^^^^^^^^^^^^^^^^^^^^^^^^^^^^^^^^^^^^^^^^^^^^^^^^^^^^^^
  File "/usr/local/lib/python3.11/site-packages/flask_login/utils.py", line 290, in decorated_view
    return current_app.ensure_sync(func)(*args, **kwargs)
           ^^^^^^^^^^^^^^^^^^^^^^^^^^^^^^^^^^^^^^^^^^^^^^
  File "/app/app/routes/banking.py", line 443, in banking_compte_detail
    filtred_mouvements.sort(
    ^^^^^^^^^^^^^^^^^^^^^^^
AttributeError: 'tuple' object has no attribute 'sort'
2026-04-03 16:47:11,328 - app.models - INFO - Pool de connexions fermÃĐ
2026-04-03 16:47:11,329 - werkzeug - INFO - 192.168.1.103 - - [03/Apr/2026 16:47:11] "[35m[1mGET /banking/compte/1 HTTP/1.1[0m" 500 -
